# JRE version: OpenJDK Runtime Environment (8.0_212-b04) (build 1.8.0_212-release-1586-b04)
# Java VM: OpenJDK 64-Bit Server VM (25.212-b04 mixed mode windows-amd64 compressed oops)
Heap:
 PSYoungGen      total 160256K, used 103928K [0x00000000e0000000, 0x00000000eb800000, 0x0000000100000000)
  eden space 141312K, 73% used [0x00000000e0000000,0x00000000e657e338,0x00000000e8a00000)
  from space 18944K, 0% used [0x00000000ea000000,0x00000000ea000000,0x00000000eb280000)
  to   space 22528K, 0% used [0x00000000e8a00000,0x00000000e8a00000,0x00000000ea000000)
 ParOldGen       total 139776K, used 34740K [0x00000000a0000000, 0x00000000a8880000, 0x00000000e0000000)
  object space 139776K, 24% used [0x00000000a0000000,0x00000000a21ed3e8,0x00000000a8880000)
 Metaspace       used 62988K, capacity 65022K, committed 65152K, reserved 1105920K
  class space    used 8324K, capacity 8827K, committed 8832K, reserved 1048576K
GC Heap History (10 events):
Event: 29.688 GC heap before
{Heap before GC invocations=17 (full 2):
 PSYoungGen      total 103424K, used 100147K [0x00000000e0000000, 0x00000000e7800000, 0x0000000100000000)
  eden space 90112K, 99% used [0x00000000e0000000,0x00000000e57fe9e8,0x00000000e5800000)
  from space 13312K, 75% used [0x00000000e6580000,0x00000000e6f4e528,0x00000000e7280000)
  to   space 13824K, 0% used [0x00000000e5800000,0x00000000e5800000,0x00000000e6580000)
 ParOldGen       total 98304K, used 16446K [0x00000000a0000000, 0x00000000a6000000, 0x00000000e0000000)
  object space 98304K, 16% used [0x00000000a0000000,0x00000000a100f860,0x00000000a6000000)
 Metaspace       used 45865K, capacity 46992K, committed 47232K, reserved 1089536K
  class space    used 5936K, capacity 6210K, committed 6272K, reserved 1048576K
Event: 29.701 GC heap after
Heap after GC invocations=17 (full 2):
 PSYoungGen      total 103936K, used 11666K [0x00000000e0000000, 0x00000000e9100000, 0x0000000100000000)
  eden space 90112K, 0% used [0x00000000e0000000,0x00000000e0000000,0x00000000e5800000)
  from space 13824K, 84% used [0x00000000e5800000,0x00000000e63648f0,0x00000000e6580000)
  to   space 14336K, 0% used [0x00000000e8300000,0x00000000e8300000,0x00000000e9100000)
 ParOldGen       total 98304K, used 16446K [0x00000000a0000000, 0x00000000a6000000, 0x00000000e0000000)
  object space 98304K, 16% used [0x00000000a0000000,0x00000000a100f860,0x00000000a6000000)
 Metaspace       used 45865K, capacity 46992K, committed 47232K, reserved 1089536K
  class space    used 5936K, capacity 6210K, committed 6272K, reserved 1048576K
}
Event: 30.412 GC heap before
{Heap before GC invocations=18 (full 2):
 PSYoungGen      total 103936K, used 101778K [0x00000000e0000000, 0x00000000e9100000, 0x0000000100000000)
  eden space 90112K, 100% used [0x00000000e0000000,0x00000000e5800000,0x00000000e5800000)
  from space 13824K, 84% used [0x00000000e5800000,0x00000000e63648f0,0x00000000e6580000)
  to   space 14336K, 0% used [0x00000000e8300000,0x00000000e8300000,0x00000000e9100000)
 ParOldGen       total 98304K, used 16446K [0x00000000a0000000, 0x00000000a6000000, 0x00000000e0000000)
  object space 98304K, 16% used [0x00000000a0000000,0x00000000a100f860,0x00000000a6000000)
 Metaspace       used 45865K, capacity 46992K, committed 47232K, reserved 1089536K
  class space    used 5936K, capacity 6210K, committed 6272K, reserved 1048576K
Event: 30.423 GC heap after
Heap after GC invocations=18 (full 2):
 PSYoungGen      total 132096K, used 14262K [0x00000000e0000000, 0x00000000e9700000, 0x0000000100000000)
  eden space 117760K, 0% used [0x00000000e0000000,0x00000000e0000000,0x00000000e7300000)
  from space 14336K, 99% used [0x00000000e8300000,0x00000000e90edbb8,0x00000000e9100000)
  to   space 16384K, 0% used [0x00000000e7300000,0x00000000e7300000,0x00000000e8300000)
 ParOldGen       total 98304K, used 16454K [0x00000000a0000000, 0x00000000a6000000, 0x00000000e0000000)
  object space 98304K, 16% used [0x00000000a0000000,0x00000000a1011860,0x00000000a6000000)
 Metaspace       used 45865K, capacity 46992K, committed 47232K, reserved 1089536K
  class space    used 5936K, capacity 6210K, committed 6272K, reserved 1048576K
}
Event: 33.248 GC heap before
{Heap before GC invocations=19 (full 2):
 PSYoungGen      total 132096K, used 132022K [0x00000000e0000000, 0x00000000e9700000, 0x0000000100000000)
  eden space 117760K, 100% used [0x00000000e0000000,0x00000000e7300000,0x00000000e7300000)
  from space 14336K, 99% used [0x00000000e8300000,0x00000000e90edbb8,0x00000000e9100000)
  to   space 16384K, 0% used [0x00000000e7300000,0x00000000e7300000,0x00000000e8300000)
 ParOldGen       total 98304K, used 16454K [0x00000000a0000000, 0x00000000a6000000, 0x00000000e0000000)
  object space 98304K, 16% used [0x00000000a0000000,0x00000000a1011860,0x00000000a6000000)
 Metaspace       used 53462K, capacity 54962K, committed 55168K, reserved 1097728K
  class space    used 6896K, capacity 7244K, committed 7296K, reserved 1048576K
Event: 33.275 GC heap after
Heap after GC invocations=19 (full 2):
 PSYoungGen      total 134144K, used 16352K [0x00000000e0000000, 0x00000000eb280000, 0x0000000100000000)
  eden space 117760K, 0% used [0x00000000e0000000,0x00000000e0000000,0x00000000e7300000)
  from space 16384K, 99% used [0x00000000e7300000,0x00000000e82f80e0,0x00000000e8300000)
  to   space 18944K, 0% used [0x00000000ea000000,0x00000000ea000000,0x00000000eb280000)
 ParOldGen       total 98304K, used 18550K [0x00000000a0000000, 0x00000000a6000000, 0x00000000e0000000)
  object space 98304K, 18% used [0x00000000a0000000,0x00000000a121dbd8,0x00000000a6000000)
 Metaspace       used 53462K, capacity 54962K, committed 55168K, reserved 1097728K
  class space    used 6896K, capacity 7244K, committed 7296K, reserved 1048576K
}
Event: 38.033 GC heap before
{Heap before GC invocations=20 (full 2):
 PSYoungGen      total 134144K, used 89642K [0x00000000e0000000, 0x00000000eb280000, 0x0000000100000000)
  eden space 117760K, 62% used [0x00000000e0000000,0x00000000e4792af0,0x00000000e7300000)
  from space 16384K, 99% used [0x00000000e7300000,0x00000000e82f80e0,0x00000000e8300000)
  to   space 18944K, 0% used [0x00000000ea000000,0x00000000ea000000,0x00000000eb280000)
 ParOldGen       total 98304K, used 18550K [0x00000000a0000000, 0x00000000a6000000, 0x00000000e0000000)
  object space 98304K, 18% used [0x00000000a0000000,0x00000000a121dbd8,0x00000000a6000000)
 Metaspace       used 57511K, capacity 59060K, committed 59160K, reserved 1101824K
  class space    used 7415K, capacity 7762K, committed 7808K, reserved 1048576K
Event: 38.055 GC heap after
Heap after GC invocations=20 (full 2):
 PSYoungGen      total 160256K, used 18926K [0x00000000e0000000, 0x00000000eb800000, 0x0000000100000000)
  eden space 141312K, 0% used [0x00000000e0000000,0x00000000e0000000,0x00000000e8a00000)
  from space 18944K, 99% used [0x00000000ea000000,0x00000000eb27ba78,0x00000000eb280000)
  to   space 22528K, 0% used [0x00000000e8a00000,0x00000000e8a00000,0x00000000ea000000)
 ParOldGen       total 98304K, used 21154K [0x00000000a0000000, 0x00000000a6000000, 0x00000000e0000000)
  object space 98304K, 21% used [0x00000000a0000000,0x00000000a14a8a68,0x00000000a6000000)
 Metaspace       used 57511K, capacity 59060K, committed 59160K, reserved 1101824K
  class space    used 7415K, capacity 7762K, committed 7808K, reserved 1048576K
}
Event: 38.055 GC heap before
{Heap before GC invocations=21 (full 3):
 PSYoungGen      total 160256K, used 18926K [0x00000000e0000000, 0x00000000eb800000, 0x0000000100000000)
  eden space 141312K, 0% used [0x00000000e0000000,0x00000000e0000000,0x00000000e8a00000)
  from space 18944K, 99% used [0x00000000ea000000,0x00000000eb27ba78,0x00000000eb280000)
  to   space 22528K, 0% used [0x00000000e8a00000,0x00000000e8a00000,0x00000000ea000000)
 ParOldGen       total 98304K, used 21154K [0x00000000a0000000, 0x00000000a6000000, 0x00000000e0000000)
  object space 98304K, 21% used [0x00000000a0000000,0x00000000a14a8a68,0x00000000a6000000)
 Metaspace       used 57511K, capacity 59060K, committed 59160K, reserved 1101824K
  class space    used 7415K, capacity 7762K, committed 7808K, reserved 1048576K
Event: 38.297 GC heap after
Heap after GC invocations=21 (full 3):
 PSYoungGen      total 160256K, used 0K [0x00000000e0000000, 0x00000000eb800000, 0x0000000100000000)
  eden space 141312K, 0% used [0x00000000e0000000,0x00000000e0000000,0x00000000e8a00000)
  from space 18944K, 0% used [0x00000000ea000000,0x00000000ea000000,0x00000000eb280000)
  to   space 22528K, 0% used [0x00000000e8a00000,0x00000000e8a00000,0x00000000ea000000)
 ParOldGen       total 139776K, used 34740K [0x00000000a0000000, 0x00000000a8880000, 0x00000000e0000000)
  object space 139776K, 24% used [0x00000000a0000000,0x00000000a21ed3e8,0x00000000a8880000)
 Metaspace       used 57416K, capacity 58826K, committed 59160K, reserved 1101824K
  class space    used 7388K, capacity 7723K, committed 7808K, reserved 1048576K
}

