# JRE version: OpenJDK Runtime Environment (8.0_212-b04) (build 1.8.0_212-release-1586-b04)
# Java VM: OpenJDK 64-Bit Server VM (25.212-b04 mixed mode windows-amd64 compressed oops)
Heap:
 PSYoungGen      total 497152K, used 444117K [0x00000000e0000000, 0x0000000100000000, 0x0000000100000000)
  eden space 471040K, 90% used [0x00000000e0000000,0x00000000fa059180,0x00000000fcc00000)
  from space 26112K, 68% used [0x00000000fe680000,0x00000000ff7dc5d0,0x0000000100000000)
  to   space 26624K, 0% used [0x00000000fcc00000,0x00000000fcc00000,0x00000000fe600000)
 ParOldGen       total 227840K, used 123903K [0x00000000a0000000, 0x00000000ade80000, 0x00000000e0000000)
  object space 227840K, 54% used [0x00000000a0000000,0x00000000a78ffc10,0x00000000ade80000)
 Metaspace       used 82756K, capacity 86266K, committed 88576K, reserved 1126400K
  class space    used 11043K, capacity 11713K, committed 12288K, reserved 1048576K
GC Heap History (10 events):
Event: 67.607 GC heap before
{Heap before GC invocations=36 (full 3):
 PSYoungGen      total 497152K, used 485009K [0x00000000e0000000, 0x00000000ffe00000, 0x0000000100000000)
  eden space 471552K, 100% used [0x00000000e0000000,0x00000000fcc80000,0x00000000fcc80000)
  from space 25600K, 52% used [0x00000000fe500000,0x00000000ff224550,0x00000000ffe00000)
  to   space 25088K, 0% used [0x00000000fcc80000,0x00000000fcc80000,0x00000000fe500000)
 ParOldGen       total 140800K, used 120390K [0x00000000a0000000, 0x00000000a8980000, 0x00000000e0000000)
  object space 140800K, 85% used [0x00000000a0000000,0x00000000a7591b20,0x00000000a8980000)
 Metaspace       used 83499K, capacity 88338K, committed 88576K, reserved 1126400K
  class space    used 11308K, capacity 12179K, committed 12288K, reserved 1048576K
Event: 67.838 GC heap after
Heap after GC invocations=36 (full 3):
 PSYoungGen      total 496640K, used 15732K [0x00000000e0000000, 0x00000000fff80000, 0x0000000100000000)
  eden space 471552K, 0% used [0x00000000e0000000,0x00000000e0000000,0x00000000fcc80000)
  from space 25088K, 62% used [0x00000000fcc80000,0x00000000fdbdd138,0x00000000fe500000)
  to   space 25088K, 0% used [0x00000000fe700000,0x00000000fe700000,0x00000000fff80000)
 ParOldGen       total 140800K, used 129849K [0x00000000a0000000, 0x00000000a8980000, 0x00000000e0000000)
  object space 140800K, 92% used [0x00000000a0000000,0x00000000a7ece5b0,0x00000000a8980000)
 Metaspace       used 83499K, capacity 88338K, committed 88576K, reserved 1126400K
  class space    used 11308K, capacity 12179K, committed 12288K, reserved 1048576K
}
Event: 67.879 GC heap before
{Heap before GC invocations=37 (full 4):
 PSYoungGen      total 496640K, used 15732K [0x00000000e0000000, 0x00000000fff80000, 0x0000000100000000)
  eden space 471552K, 0% used [0x00000000e0000000,0x00000000e0000000,0x00000000fcc80000)
  from space 25088K, 62% used [0x00000000fcc80000,0x00000000fdbdd138,0x00000000fe500000)
  to   space 25088K, 0% used [0x00000000fe700000,0x00000000fe700000,0x00000000fff80000)
 ParOldGen       total 140800K, used 129849K [0x00000000a0000000, 0x00000000a8980000, 0x00000000e0000000)
  object space 140800K, 92% used [0x00000000a0000000,0x00000000a7ece5b0,0x00000000a8980000)
 Metaspace       used 83499K, capacity 88338K, committed 88576K, reserved 1126400K
  class space    used 11308K, capacity 12179K, committed 12288K, reserved 1048576K
Event: 69.387 GC heap after
Heap after GC invocations=37 (full 4):
 PSYoungGen      total 496640K, used 0K [0x00000000e0000000, 0x00000000fff80000, 0x0000000100000000)
  eden space 471552K, 0% used [0x00000000e0000000,0x00000000e0000000,0x00000000fcc80000)
  from space 25088K, 0% used [0x00000000fcc80000,0x00000000fcc80000,0x00000000fe500000)
  to   space 25088K, 0% used [0x00000000fe700000,0x00000000fe700000,0x00000000fff80000)
 ParOldGen       total 227840K, used 103765K [0x00000000a0000000, 0x00000000ade80000, 0x00000000e0000000)
  object space 227840K, 45% used [0x00000000a0000000,0x00000000a65556f8,0x00000000ade80000)
 Metaspace       used 82694K, capacity 86126K, committed 88576K, reserved 1126400K
  class space    used 11039K, capacity 11711K, committed 12288K, reserved 1048576K
}
Event: 70.625 GC heap before
{Heap before GC invocations=38 (full 4):
 PSYoungGen      total 496640K, used 471552K [0x00000000e0000000, 0x00000000fff80000, 0x0000000100000000)
  eden space 471552K, 100% used [0x00000000e0000000,0x00000000fcc80000,0x00000000fcc80000)
  from space 25088K, 0% used [0x00000000fcc80000,0x00000000fcc80000,0x00000000fe500000)
  to   space 25088K, 0% used [0x00000000fe700000,0x00000000fe700000,0x00000000fff80000)
 ParOldGen       total 227840K, used 103766K [0x00000000a0000000, 0x00000000ade80000, 0x00000000e0000000)
  object space 227840K, 45% used [0x00000000a0000000,0x00000000a6555b48,0x00000000ade80000)
 Metaspace       used 82702K, capacity 86138K, committed 88576K, reserved 1126400K
  class space    used 11040K, capacity 11713K, committed 12288K, reserved 1048576K
Event: 70.669 GC heap after
Heap after GC invocations=38 (full 4):
 PSYoungGen      total 498688K, used 7104K [0x00000000e0000000, 0x00000000fff00000, 0x0000000100000000)
  eden space 474112K, 0% used [0x00000000e0000000,0x00000000e0000000,0x00000000fcf00000)
  from space 24576K, 28% used [0x00000000fe700000,0x00000000fedf0020,0x00000000fff00000)
  to   space 24576K, 0% used [0x00000000fcf00000,0x00000000fcf00000,0x00000000fe700000)
 ParOldGen       total 227840K, used 103766K [0x00000000a0000000, 0x00000000ade80000, 0x00000000e0000000)
  object space 227840K, 45% used [0x00000000a0000000,0x00000000a6555b48,0x00000000ade80000)
 Metaspace       used 82702K, capacity 86138K, committed 88576K, reserved 1126400K
  class space    used 11040K, capacity 11713K, committed 12288K, reserved 1048576K
}
Event: 71.816 GC heap before
{Heap before GC invocations=39 (full 4):
 PSYoungGen      total 498688K, used 481216K [0x00000000e0000000, 0x00000000fff00000, 0x0000000100000000)
  eden space 474112K, 100% used [0x00000000e0000000,0x00000000fcf00000,0x00000000fcf00000)
  from space 24576K, 28% used [0x00000000fe700000,0x00000000fedf0020,0x00000000fff00000)
  to   space 24576K, 0% used [0x00000000fcf00000,0x00000000fcf00000,0x00000000fe700000)
 ParOldGen       total 227840K, used 103768K [0x00000000a0000000, 0x00000000ade80000, 0x00000000e0000000)
  object space 227840K, 45% used [0x00000000a0000000,0x00000000a65561e8,0x00000000ade80000)
 Metaspace       used 82704K, capacity 86138K, committed 88576K, reserved 1126400K
  class space    used 11040K, capacity 11713K, committed 12288K, reserved 1048576K
Event: 71.860 GC heap after
Heap after GC invocations=39 (full 4):
 PSYoungGen      total 494080K, used 19865K [0x00000000e0000000, 0x0000000100000000, 0x0000000100000000)
  eden space 474112K, 0% used [0x00000000e0000000,0x00000000e0000000,0x00000000fcf00000)
  from space 19968K, 99% used [0x00000000fcf00000,0x00000000fe2665f8,0x00000000fe280000)
  to   space 26112K, 0% used [0x00000000fe680000,0x00000000fe680000,0x0000000100000000)
 ParOldGen       total 227840K, used 108879K [0x00000000a0000000, 0x00000000ade80000, 0x00000000e0000000)
  object space 227840K, 47% used [0x00000000a0000000,0x00000000a6a53dd8,0x00000000ade80000)
 Metaspace       used 82704K, capacity 86138K, committed 88576K, reserved 1126400K
  class space    used 11040K, capacity 11713K, committed 12288K, reserved 1048576K
}
Event: 72.863 GC heap before
{Heap before GC invocations=40 (full 4):
 PSYoungGen      total 494080K, used 493977K [0x00000000e0000000, 0x0000000100000000, 0x0000000100000000)
  eden space 474112K, 100% used [0x00000000e0000000,0x00000000fcf00000,0x00000000fcf00000)
  from space 19968K, 99% used [0x00000000fcf00000,0x00000000fe2665f8,0x00000000fe280000)
  to   space 26112K, 0% used [0x00000000fe680000,0x00000000fe680000,0x0000000100000000)
 ParOldGen       total 227840K, used 108879K [0x00000000a0000000, 0x00000000ade80000, 0x00000000e0000000)
  object space 227840K, 47% used [0x00000000a0000000,0x00000000a6a53dd8,0x00000000ade80000)
 Metaspace       used 82729K, capacity 86202K, committed 88576K, reserved 1126400K
  class space    used 11042K, capacity 11713K, committed 12288K, reserved 1048576K
Event: 72.974 GC heap after
Heap after GC invocations=40 (full 4):
 PSYoungGen      total 497152K, used 17777K [0x00000000e0000000, 0x0000000100000000, 0x0000000100000000)
  eden space 471040K, 0% used [0x00000000e0000000,0x00000000e0000000,0x00000000fcc00000)
  from space 26112K, 68% used [0x00000000fe680000,0x00000000ff7dc5d0,0x0000000100000000)
  to   space 26624K, 0% used [0x00000000fcc00000,0x00000000fcc00000,0x00000000fe600000)
 ParOldGen       total 227840K, used 123903K [0x00000000a0000000, 0x00000000ade80000, 0x00000000e0000000)
  object space 227840K, 54% used [0x00000000a0000000,0x00000000a78ffc10,0x00000000ade80000)
 Metaspace       used 82729K, capacity 86202K, committed 88576K, reserved 1126400K
  class space    used 11042K, capacity 11713K, committed 12288K, reserved 1048576K
}

