# JRE version: OpenJDK Runtime Environment (8.0_212-b04) (build 1.8.0_212-release-1586-b04)
# Java VM: OpenJDK 64-Bit Server VM (25.212-b04 mixed mode windows-amd64 compressed oops)
Heap:
 PSYoungGen      total 285184K, used 75133K [0x00000000e0000000, 0x00000000f3980000, 0x0000000100000000)
  eden space 250880K, 19% used [0x00000000e0000000,0x00000000e2fbb780,0x00000000ef500000)
  from space 34304K, 76% used [0x00000000ef500000,0x00000000f0ea3cb0,0x00000000f1680000)
  to   space 31744K, 0% used [0x00000000f1680000,0x00000000f1680000,0x00000000f3580000)
 ParOldGen       total 151040K, used 96498K [0x00000000a0000000, 0x00000000a9380000, 0x00000000e0000000)
  object space 151040K, 63% used [0x00000000a0000000,0x00000000a5e3cb50,0x00000000a9380000)
 Metaspace       used 92051K, capacity 95173K, committed 95360K, reserved 1132544K
  class space    used 11770K, capacity 12375K, committed 12416K, reserved 1048576K
GC Heap History (10 events):
Event: 436.459 GC heap before
{Heap before GC invocations=35 (full 4):
 PSYoungGen      total 225280K, used 225276K [0x00000000e0000000, 0x00000000f2380000, 0x0000000100000000)
  eden space 208896K, 100% used [0x00000000e0000000,0x00000000ecc00000,0x00000000ecc00000)
  from space 16384K, 99% used [0x00000000eeb80000,0x00000000efb7f000,0x00000000efb80000)
  to   space 32256K, 0% used [0x00000000ecc00000,0x00000000ecc00000,0x00000000eeb80000)
 ParOldGen       total 151040K, used 83433K [0x00000000a0000000, 0x00000000a9380000, 0x00000000e0000000)
  object space 151040K, 55% used [0x00000000a0000000,0x00000000a517a518,0x00000000a9380000)
 Metaspace       used 85650K, capacity 88531K, committed 88704K, reserved 1126400K
  class space    used 10943K, capacity 11594K, committed 11648K, reserved 1048576K
Event: 436.507 GC heap after
Heap after GC invocations=35 (full 4):
 PSYoungGen      total 241152K, used 16903K [0x00000000e0000000, 0x00000000f1980000, 0x0000000100000000)
  eden space 208896K, 0% used [0x00000000e0000000,0x00000000e0000000,0x00000000ecc00000)
  from space 32256K, 52% used [0x00000000ecc00000,0x00000000edc81cd8,0x00000000eeb80000)
  to   space 31744K, 0% used [0x00000000efa80000,0x00000000efa80000,0x00000000f1980000)
 ParOldGen       total 151040K, used 94662K [0x00000000a0000000, 0x00000000a9380000, 0x00000000e0000000)
  object space 151040K, 62% used [0x00000000a0000000,0x00000000a5c71ab0,0x00000000a9380000)
 Metaspace       used 85650K, capacity 88531K, committed 88704K, reserved 1126400K
  class space    used 10943K, capacity 11594K, committed 11648K, reserved 1048576K
}
Event: 450.488 GC heap before
{Heap before GC invocations=36 (full 4):
 PSYoungGen      total 241152K, used 225799K [0x00000000e0000000, 0x00000000f1980000, 0x0000000100000000)
  eden space 208896K, 100% used [0x00000000e0000000,0x00000000ecc00000,0x00000000ecc00000)
  from space 32256K, 52% used [0x00000000ecc00000,0x00000000edc81cd8,0x00000000eeb80000)
  to   space 31744K, 0% used [0x00000000efa80000,0x00000000efa80000,0x00000000f1980000)
 ParOldGen       total 151040K, used 94662K [0x00000000a0000000, 0x00000000a9380000, 0x00000000e0000000)
  object space 151040K, 62% used [0x00000000a0000000,0x00000000a5c71ab0,0x00000000a9380000)
 Metaspace       used 86507K, capacity 89583K, committed 89856K, reserved 1128448K
  class space    used 11056K, capacity 11728K, committed 11776K, reserved 1048576K
Event: 450.568 GC heap after
Heap after GC invocations=36 (full 4):
 PSYoungGen      total 256512K, used 15544K [0x00000000e0000000, 0x00000000f1880000, 0x0000000100000000)
  eden space 225792K, 0% used [0x00000000e0000000,0x00000000e0000000,0x00000000edc80000)
  from space 30720K, 50% used [0x00000000efa80000,0x00000000f09ae3b8,0x00000000f1880000)
  to   space 30720K, 0% used [0x00000000edc80000,0x00000000edc80000,0x00000000efa80000)
 ParOldGen       total 151040K, used 94670K [0x00000000a0000000, 0x00000000a9380000, 0x00000000e0000000)
  object space 151040K, 62% used [0x00000000a0000000,0x00000000a5c73ab0,0x00000000a9380000)
 Metaspace       used 86507K, capacity 89583K, committed 89856K, reserved 1128448K
  class space    used 11056K, capacity 11728K, committed 11776K, reserved 1048576K
}
Event: 453.791 GC heap before
{Heap before GC invocations=37 (full 4):
 PSYoungGen      total 256512K, used 241336K [0x00000000e0000000, 0x00000000f1880000, 0x0000000100000000)
  eden space 225792K, 100% used [0x00000000e0000000,0x00000000edc80000,0x00000000edc80000)
  from space 30720K, 50% used [0x00000000efa80000,0x00000000f09ae3b8,0x00000000f1880000)
  to   space 30720K, 0% used [0x00000000edc80000,0x00000000edc80000,0x00000000efa80000)
 ParOldGen       total 151040K, used 94670K [0x00000000a0000000, 0x00000000a9380000, 0x00000000e0000000)
  object space 151040K, 62% used [0x00000000a0000000,0x00000000a5c73ab0,0x00000000a9380000)
 Metaspace       used 86742K, capacity 89809K, committed 90112K, reserved 1128448K
  class space    used 11076K, capacity 11733K, committed 11776K, reserved 1048576K
Event: 453.920 GC heap after
Heap after GC invocations=37 (full 4):
 PSYoungGen      total 256512K, used 20007K [0x00000000e0000000, 0x00000000f3580000, 0x0000000100000000)
  eden space 225792K, 0% used [0x00000000e0000000,0x00000000e0000000,0x00000000edc80000)
  from space 30720K, 65% used [0x00000000edc80000,0x00000000ef009cf8,0x00000000efa80000)
  to   space 31744K, 0% used [0x00000000f1680000,0x00000000f1680000,0x00000000f3580000)
 ParOldGen       total 151040K, used 94678K [0x00000000a0000000, 0x00000000a9380000, 0x00000000e0000000)
  object space 151040K, 62% used [0x00000000a0000000,0x00000000a5c75ab0,0x00000000a9380000)
 Metaspace       used 86742K, capacity 89809K, committed 90112K, reserved 1128448K
  class space    used 11076K, capacity 11733K, committed 11776K, reserved 1048576K
}
Event: 461.974 GC heap before
{Heap before GC invocations=38 (full 4):
 PSYoungGen      total 256512K, used 245799K [0x00000000e0000000, 0x00000000f3580000, 0x0000000100000000)
  eden space 225792K, 100% used [0x00000000e0000000,0x00000000edc80000,0x00000000edc80000)
  from space 30720K, 65% used [0x00000000edc80000,0x00000000ef009cf8,0x00000000efa80000)
  to   space 31744K, 0% used [0x00000000f1680000,0x00000000f1680000,0x00000000f3580000)
 ParOldGen       total 151040K, used 94678K [0x00000000a0000000, 0x00000000a9380000, 0x00000000e0000000)
  object space 151040K, 62% used [0x00000000a0000000,0x00000000a5c75ab0,0x00000000a9380000)
 Metaspace       used 87013K, capacity 90123K, committed 90496K, reserved 1128448K
  class space    used 11122K, capacity 11786K, committed 11904K, reserved 1048576K
Event: 462.053 GC heap after
Heap after GC invocations=38 (full 4):
 PSYoungGen      total 282624K, used 24664K [0x00000000e0000000, 0x00000000f3980000, 0x0000000100000000)
  eden space 250880K, 0% used [0x00000000e0000000,0x00000000e0000000,0x00000000ef500000)
  from space 31744K, 77% used [0x00000000f1680000,0x00000000f2e961e8,0x00000000f3580000)
  to   space 34304K, 0% used [0x00000000ef500000,0x00000000ef500000,0x00000000f1680000)
 ParOldGen       total 151040K, used 96490K [0x00000000a0000000, 0x00000000a9380000, 0x00000000e0000000)
  object space 151040K, 63% used [0x00000000a0000000,0x00000000a5e3aae0,0x00000000a9380000)
 Metaspace       used 87013K, capacity 90123K, committed 90496K, reserved 1128448K
  class space    used 11122K, capacity 11786K, committed 11904K, reserved 1048576K
}
Event: 477.725 GC heap before
{Heap before GC invocations=39 (full 4):
 PSYoungGen      total 282624K, used 275544K [0x00000000e0000000, 0x00000000f3980000, 0x0000000100000000)
  eden space 250880K, 100% used [0x00000000e0000000,0x00000000ef500000,0x00000000ef500000)
  from space 31744K, 77% used [0x00000000f1680000,0x00000000f2e961e8,0x00000000f3580000)
  to   space 34304K, 0% used [0x00000000ef500000,0x00000000ef500000,0x00000000f1680000)
 ParOldGen       total 151040K, used 96490K [0x00000000a0000000, 0x00000000a9380000, 0x00000000e0000000)
  object space 151040K, 63% used [0x00000000a0000000,0x00000000a5e3ab50,0x00000000a9380000)
 Metaspace       used 92045K, capacity 95173K, committed 95360K, reserved 1132544K
  class space    used 11770K, capacity 12375K, committed 12416K, reserved 1048576K
Event: 477.763 GC heap after
Heap after GC invocations=39 (full 4):
 PSYoungGen      total 285184K, used 26255K [0x00000000e0000000, 0x00000000f3980000, 0x0000000100000000)
  eden space 250880K, 0% used [0x00000000e0000000,0x00000000e0000000,0x00000000ef500000)
  from space 34304K, 76% used [0x00000000ef500000,0x00000000f0ea3cb0,0x00000000f1680000)
  to   space 31744K, 0% used [0x00000000f1680000,0x00000000f1680000,0x00000000f3580000)
 ParOldGen       total 151040K, used 96498K [0x00000000a0000000, 0x00000000a9380000, 0x00000000e0000000)
  object space 151040K, 63% used [0x00000000a0000000,0x00000000a5e3cb50,0x00000000a9380000)
 Metaspace       used 92045K, capacity 95173K, committed 95360K, reserved 1132544K
  class space    used 11770K, capacity 12375K, committed 12416K, reserved 1048576K
}

